<?xml version="1.0" encoding="UTF-8"?>
<coverage generated="1654905915">
  <project timestamp="1654905915">
    <file name="D:\Camilo\Programación\merca_todo\app\Actions\CreateOrderAction.php">
      <class name="App\Actions\CreateOrderAction" namespace="global">
        <metrics complexity="2" methods="1" coveredmethods="0" conditionals="0" coveredconditionals="0" statements="15" coveredstatements="0" elements="16" coveredelements="0"/>
      </class>
      <line num="14" type="method" name="create" visibility="public" complexity="2" crap="6" count="0"/>
      <line num="16" type="stmt" count="0"/>
      <line num="17" type="stmt" count="0"/>
      <line num="19" type="stmt" count="0"/>
      <line num="20" type="stmt" count="0"/>
      <line num="21" type="stmt" count="0"/>
      <line num="22" type="stmt" count="0"/>
      <line num="23" type="stmt" count="0"/>
      <line num="25" type="stmt" count="0"/>
      <line num="27" type="stmt" count="0"/>
      <line num="28" type="stmt" count="0"/>
      <line num="30" type="stmt" count="0"/>
      <line num="31" type="stmt" count="0"/>
      <line num="32" type="stmt" count="0"/>
      <line num="34" type="stmt" count="0"/>
      <line num="37" type="stmt" count="0"/>
      <metrics loc="40" ncloc="40" classes="1" methods="1" coveredmethods="0" conditionals="0" coveredconditionals="0" statements="15" coveredstatements="0" elements="16" coveredelements="0"/>
    </file>
    <file name="D:\Camilo\Programación\merca_todo\app\Actions\CreateSessionAction.php">
      <class name="App\Actions\CreateSessionAction" namespace="global">
        <metrics complexity="1" methods="1" coveredmethods="0" conditionals="0" coveredconditionals="0" statements="7" coveredstatements="0" elements="8" coveredelements="0"/>
      </class>
      <line num="10" type="method" name="execute" visibility="public" complexity="1" crap="2" count="0"/>
      <line num="12" type="stmt" count="0"/>
      <line num="15" type="stmt" count="0"/>
      <line num="16" type="stmt" count="0"/>
      <line num="18" type="stmt" count="0"/>
      <line num="20" type="stmt" count="0"/>
      <line num="21" type="stmt" count="0"/>
      <line num="24" type="stmt" count="0"/>
      <metrics loc="27" ncloc="27" classes="1" methods="1" coveredmethods="0" conditionals="0" coveredconditionals="0" statements="7" coveredstatements="0" elements="8" coveredelements="0"/>
    </file>
    <file name="D:\Camilo\Programación\merca_todo\app\Actions\ProductUpdateOrStoreAction.php">
      <class name="App\Actions\ProductUpdateOrStoreAction" namespace="global">
        <metrics complexity="3" methods="1" coveredmethods="0" conditionals="0" coveredconditionals="0" statements="14" coveredstatements="0" elements="15" coveredelements="0"/>
      </class>
      <line num="11" type="method" name="execute" visibility="public" complexity="3" crap="12" count="0"/>
      <line num="13" type="stmt" count="0"/>
      <line num="14" type="stmt" count="0"/>
      <line num="16" type="stmt" count="0"/>
      <line num="17" type="stmt" count="0"/>
      <line num="18" type="stmt" count="0"/>
      <line num="19" type="stmt" count="0"/>
      <line num="20" type="stmt" count="0"/>
      <line num="22" type="stmt" count="0"/>
      <line num="23" type="stmt" count="0"/>
      <line num="24" type="stmt" count="0"/>
      <line num="25" type="stmt" count="0"/>
      <line num="26" type="stmt" count="0"/>
      <line num="29" type="stmt" count="0"/>
      <line num="31" type="stmt" count="0"/>
      <metrics loc="34" ncloc="34" classes="1" methods="1" coveredmethods="0" conditionals="0" coveredconditionals="0" statements="14" coveredstatements="0" elements="15" coveredelements="0"/>
    </file>
    <file name="D:\Camilo\Programación\merca_todo\app\Console\Kernel.php">
      <class name="App\Console\Kernel" namespace="global">
        <metrics complexity="2" methods="1" coveredmethods="1" conditionals="0" coveredconditionals="0" statements="2" coveredstatements="2" elements="3" coveredelements="3"/>
      </class>
      <line num="26" type="method" name="commands" visibility="protected" complexity="1" crap="1" count="33"/>
      <line num="28" type="stmt" count="33"/>
      <line num="30" type="stmt" count="33"/>
      <metrics loc="33" ncloc="21" classes="1" methods="1" coveredmethods="1" conditionals="0" coveredconditionals="0" statements="2" coveredstatements="2" elements="3" coveredelements="3"/>
    </file>
    <file name="D:\Camilo\Programación\merca_todo\app\Constants\Permissions.php">
      <class name="App\Constants\Permissions" namespace="global">
        <metrics complexity="1" methods="1" coveredmethods="0" conditionals="0" coveredconditionals="0" statements="1" coveredstatements="0" elements="2" coveredelements="0"/>
      </class>
      <line num="24" type="method" name="supported" visibility="public" complexity="1" crap="2" count="0"/>
      <line num="26" type="stmt" count="0"/>
      <metrics loc="29" ncloc="29" classes="1" methods="1" coveredmethods="0" conditionals="0" coveredconditionals="0" statements="1" coveredstatements="0" elements="2" coveredelements="0"/>
    </file>
    <file name="D:\Camilo\Programación\merca_todo\app\Constants\Roles.php">
      <class name="App\Constants\Roles" namespace="global">
        <metrics complexity="1" methods="1" coveredmethods="0" conditionals="0" coveredconditionals="0" statements="1" coveredstatements="0" elements="2" coveredelements="0"/>
      </class>
      <line num="13" type="method" name="supported" visibility="public" complexity="1" crap="2" count="0"/>
      <line num="15" type="stmt" count="0"/>
      <metrics loc="18" ncloc="18" classes="1" methods="1" coveredmethods="0" conditionals="0" coveredconditionals="0" statements="1" coveredstatements="0" elements="2" coveredelements="0"/>
    </file>
    <file name="D:\Camilo\Programación\merca_todo\app\Constants\States.php">
      <class name="App\Constants\States" namespace="global">
        <metrics complexity="0" methods="0" coveredmethods="0" conditionals="0" coveredconditionals="0" statements="0" coveredstatements="0" elements="0" coveredelements="0"/>
      </class>
      <metrics loc="11" ncloc="11" classes="0" methods="0" coveredmethods="0" conditionals="0" coveredconditionals="0" statements="0" coveredstatements="0" elements="0" coveredelements="0"/>
    </file>
    <file name="D:\Camilo\Programación\merca_todo\app\Contracts\StoreOrUpdateProductContract.php">
      <metrics loc="12" ncloc="12" classes="0" methods="0" coveredmethods="0" conditionals="0" coveredconditionals="0" statements="0" coveredstatements="0" elements="0" coveredelements="0"/>
    </file>
    <file name="D:\Camilo\Programación\merca_todo\app\Contracts\WebCheckoutRequestContract.php">
      <metrics loc="9" ncloc="9" classes="0" methods="0" coveredmethods="0" conditionals="0" coveredconditionals="0" statements="0" coveredstatements="0" elements="0" coveredelements="0"/>
    </file>
    <file name="D:\Camilo\Programación\merca_todo\app\Contracts\WebcheckoutContract.php">
      <metrics loc="11" ncloc="11" classes="0" methods="0" coveredmethods="0" conditionals="0" coveredconditionals="0" statements="0" coveredstatements="0" elements="0" coveredelements="0"/>
    </file>
    <file name="D:\Camilo\Programación\merca_todo\app\Exceptions\Handler.php">
      <class name="App\Exceptions\Handler" namespace="global">
        <metrics complexity="1" methods="1" coveredmethods="1" conditionals="0" coveredconditionals="0" statements="1" coveredstatements="1" elements="2" coveredelements="2"/>
      </class>
      <line num="35" type="method" name="register" visibility="public" complexity="1" crap="1" count="6"/>
      <line num="37" type="stmt" count="6"/>
      <metrics loc="42" ncloc="26" classes="1" methods="1" coveredmethods="1" conditionals="0" coveredconditionals="0" statements="1" coveredstatements="1" elements="2" coveredelements="2"/>
    </file>
    <file name="D:\Camilo\Programación\merca_todo\app\Exports\ProductsExport.php">
      <class name="App\Exports\ProductsExport" namespace="global">
        <metrics complexity="5" methods="5" coveredmethods="0" conditionals="0" coveredconditionals="0" statements="16" coveredstatements="0" elements="21" coveredelements="0"/>
      </class>
      <line num="20" type="method" name="query" visibility="public" complexity="1" crap="2" count="0"/>
      <line num="22" type="stmt" count="0"/>
      <line num="23" type="stmt" count="0"/>
      <line num="24" type="stmt" count="0"/>
      <line num="25" type="stmt" count="0"/>
      <line num="28" type="method" name="map" visibility="public" complexity="1" crap="2" count="0"/>
      <line num="31" type="stmt" count="0"/>
      <line num="32" type="stmt" count="0"/>
      <line num="33" type="stmt" count="0"/>
      <line num="34" type="stmt" count="0"/>
      <line num="35" type="stmt" count="0"/>
      <line num="36" type="stmt" count="0"/>
      <line num="37" type="stmt" count="0"/>
      <line num="41" type="method" name="headings" visibility="public" complexity="1" crap="2" count="0"/>
      <line num="44" type="stmt" count="0"/>
      <line num="54" type="method" name="registerEvents" visibility="public" complexity="1" crap="2" count="0"/>
      <line num="57" type="stmt" count="0"/>
      <line num="58" type="stmt" count="0"/>
      <line num="60" type="stmt" count="0"/>
      <line num="67" type="method" name="chunkSize" visibility="public" complexity="1" crap="2" count="0"/>
      <line num="69" type="stmt" count="0"/>
      <metrics loc="72" ncloc="72" classes="1" methods="5" coveredmethods="0" conditionals="0" coveredconditionals="0" statements="16" coveredstatements="0" elements="21" coveredelements="0"/>
    </file>
    <file name="D:\Camilo\Programación\merca_todo\app\Http\Controllers\AuthApiController.php">
      <class name="App\Http\Controllers\AuthApiController" namespace="global">
        <metrics complexity="3" methods="3" coveredmethods="0" conditionals="0" coveredconditionals="0" statements="14" coveredstatements="0" elements="17" coveredelements="0"/>
      </class>
      <line num="16" type="method" name="login" visibility="public" complexity="1" crap="2" count="0"/>
      <line num="18" type="stmt" count="0"/>
      <line num="20" type="stmt" count="0"/>
      <line num="22" type="stmt" count="0"/>
      <line num="27" type="method" name="register" visibility="public" complexity="1" crap="2" count="0"/>
      <line num="29" type="stmt" count="0"/>
      <line num="30" type="stmt" count="0"/>
      <line num="31" type="stmt" count="0"/>
      <line num="32" type="stmt" count="0"/>
      <line num="35" type="stmt" count="0"/>
      <line num="37" type="stmt" count="0"/>
      <line num="39" type="stmt" count="0"/>
      <line num="44" type="method" name="logOut" visibility="public" complexity="1" crap="2" count="0"/>
      <line num="46" type="stmt" count="0"/>
      <line num="48" type="stmt" count="0"/>
      <line num="50" type="stmt" count="0"/>
      <line num="52" type="stmt" count="0"/>
      <metrics loc="57" ncloc="57" classes="1" methods="3" coveredmethods="0" conditionals="0" coveredconditionals="0" statements="14" coveredstatements="0" elements="17" coveredelements="0"/>
    </file>
    <file name="D:\Camilo\Programación\merca_todo\app\Http\Controllers\Auth\AuthenticatedSessionController.php">
      <class name="App\Http\Controllers\Auth\AuthenticatedSessionController" namespace="global">
        <metrics complexity="3" methods="3" coveredmethods="2" conditionals="0" coveredconditionals="0" statements="8" coveredstatements="4" elements="11" coveredelements="6"/>
      </class>
      <line num="18" type="method" name="create" visibility="public" complexity="1" crap="1" count="1"/>
      <line num="20" type="stmt" count="1"/>
      <line num="29" type="method" name="store" visibility="public" complexity="1" crap="1" count="2"/>
      <line num="31" type="stmt" count="2"/>
      <line num="33" type="stmt" count="1"/>
      <line num="35" type="stmt" count="1"/>
      <line num="44" type="method" name="destroy" visibility="public" complexity="1" crap="2" count="0"/>
      <line num="46" type="stmt" count="0"/>
      <line num="48" type="stmt" count="0"/>
      <line num="50" type="stmt" count="0"/>
      <line num="52" type="stmt" count="0"/>
      <metrics loc="55" ncloc="38" classes="1" methods="3" coveredmethods="2" conditionals="0" coveredconditionals="0" statements="8" coveredstatements="4" elements="11" coveredelements="6"/>
    </file>
    <file name="D:\Camilo\Programación\merca_todo\app\Http\Controllers\Auth\ConfirmablePasswordController.php">
      <class name="App\Http\Controllers\Auth\ConfirmablePasswordController" namespace="global">
        <metrics complexity="3" methods="2" coveredmethods="2" conditionals="0" coveredconditionals="0" statements="8" coveredstatements="8" elements="10" coveredelements="10"/>
      </class>
      <line num="18" type="method" name="show" visibility="public" complexity="1" crap="1" count="1"/>
      <line num="20" type="stmt" count="1"/>
      <line num="29" type="method" name="store" visibility="public" complexity="2" crap="2" count="2"/>
      <line num="31" type="stmt" count="2"/>
      <line num="32" type="stmt" count="2"/>
      <line num="33" type="stmt" count="2"/>
      <line num="35" type="stmt" count="1"/>
      <line num="36" type="stmt" count="1"/>
      <line num="40" type="stmt" count="1"/>
      <line num="42" type="stmt" count="1"/>
      <metrics loc="45" ncloc="34" classes="1" methods="2" coveredmethods="2" conditionals="0" coveredconditionals="0" statements="8" coveredstatements="8" elements="10" coveredelements="10"/>
    </file>
    <file name="D:\Camilo\Programación\merca_todo\app\Http\Controllers\Auth\EmailVerificationNotificationController.php">
      <class name="App\Http\Controllers\Auth\EmailVerificationNotificationController" namespace="global">
        <metrics complexity="2" methods="1" coveredmethods="0" conditionals="0" coveredconditionals="0" statements="4" coveredstatements="0" elements="5" coveredelements="0"/>
      </class>
      <line num="17" type="method" name="store" visibility="public" complexity="2" crap="6" count="0"/>
      <line num="19" type="stmt" count="0"/>
      <line num="20" type="stmt" count="0"/>
      <line num="23" type="stmt" count="0"/>
      <line num="25" type="stmt" count="0"/>
      <metrics loc="28" ncloc="22" classes="1" methods="1" coveredmethods="0" conditionals="0" coveredconditionals="0" statements="4" coveredstatements="0" elements="5" coveredelements="0"/>
    </file>
    <file name="D:\Camilo\Programación\merca_todo\app\Http\Controllers\Auth\EmailVerificationPromptController.php">
      <class name="App\Http\Controllers\Auth\EmailVerificationPromptController" namespace="global">
        <metrics complexity="2" methods="1" coveredmethods="0" conditionals="0" coveredconditionals="0" statements="3" coveredstatements="2" elements="4" coveredelements="2"/>
      </class>
      <line num="17" type="method" name="__invoke" visibility="public" complexity="2" crap="2.15" count="1"/>
      <line num="19" type="stmt" count="1"/>
      <line num="20" type="stmt" count="0"/>
      <line num="21" type="stmt" count="1"/>
      <metrics loc="24" ncloc="18" classes="1" methods="1" coveredmethods="0" conditionals="0" coveredconditionals="0" statements="3" coveredstatements="2" elements="4" coveredelements="2"/>
    </file>
    <file name="D:\Camilo\Programación\merca_todo\app\Http\Controllers\Auth\NewPasswordController.php">
      <class name="App\Http\Controllers\Auth\NewPasswordController" namespace="global">
        <metrics complexity="3" methods="2" coveredmethods="1" conditionals="0" coveredconditionals="0" statements="16" coveredstatements="15" elements="18" coveredelements="16"/>
      </class>
      <line num="21" type="method" name="create" visibility="public" complexity="1" crap="1" count="1"/>
      <line num="23" type="stmt" count="1"/>
      <line num="34" type="method" name="store" visibility="public" complexity="2" crap="2.00" count="1"/>
      <line num="36" type="stmt" count="1"/>
      <line num="37" type="stmt" count="1"/>
      <line num="39" type="stmt" count="1"/>
      <line num="45" type="stmt" count="1"/>
      <line num="46" type="stmt" count="1"/>
      <line num="47" type="stmt" count="1"/>
      <line num="48" type="stmt" count="1"/>
      <line num="49" type="stmt" count="1"/>
      <line num="50" type="stmt" count="1"/>
      <line num="51" type="stmt" count="1"/>
      <line num="53" type="stmt" count="1"/>
      <line num="60" type="stmt" count="1"/>
      <line num="61" type="stmt" count="1"/>
      <line num="62" type="stmt" count="0"/>
      <line num="63" type="stmt" count="1"/>
      <metrics loc="66" ncloc="46" classes="1" methods="2" coveredmethods="1" conditionals="0" coveredconditionals="0" statements="16" coveredstatements="15" elements="18" coveredelements="16"/>
    </file>
    <file name="D:\Camilo\Programación\merca_todo\app\Http\Controllers\Auth\PasswordResetLinkController.php">
      <class name="App\Http\Controllers\Auth\PasswordResetLinkController" namespace="global">
        <metrics complexity="3" methods="2" coveredmethods="1" conditionals="0" coveredconditionals="0" statements="9" coveredstatements="8" elements="11" coveredelements="9"/>
      </class>
      <line num="16" type="method" name="create" visibility="public" complexity="1" crap="1" count="1"/>
      <line num="18" type="stmt" count="1"/>
      <line num="29" type="method" name="store" visibility="public" complexity="2" crap="2.01" count="3"/>
      <line num="31" type="stmt" count="3"/>
      <line num="32" type="stmt" count="3"/>
      <line num="38" type="stmt" count="3"/>
      <line num="39" type="stmt" count="3"/>
      <line num="42" type="stmt" count="3"/>
      <line num="43" type="stmt" count="3"/>
      <line num="44" type="stmt" count="0"/>
      <line num="45" type="stmt" count="3"/>
      <metrics loc="48" ncloc="32" classes="1" methods="2" coveredmethods="1" conditionals="0" coveredconditionals="0" statements="9" coveredstatements="8" elements="11" coveredelements="9"/>
    </file>
    <file name="D:\Camilo\Programación\merca_todo\app\Http\Controllers\Auth\RegisteredUserController.php">
      <class name="App\Http\Controllers\Auth\RegisteredUserController" namespace="global">
        <metrics complexity="2" methods="2" coveredmethods="2" conditionals="0" coveredconditionals="0" statements="8" coveredstatements="8" elements="10" coveredelements="10"/>
      </class>
      <line num="21" type="method" name="create" visibility="public" complexity="1" crap="1" count="1"/>
      <line num="23" type="stmt" count="1"/>
      <line num="33" type="method" name="store" visibility="public" complexity="1" crap="1" count="1"/>
      <line num="35" type="stmt" count="1"/>
      <line num="36" type="stmt" count="1"/>
      <line num="37" type="stmt" count="1"/>
      <line num="38" type="stmt" count="1"/>
      <line num="41" type="stmt" count="1"/>
      <line num="43" type="stmt" count="1"/>
      <line num="45" type="stmt" count="1"/>
      <metrics loc="48" ncloc="36" classes="1" methods="2" coveredmethods="2" conditionals="0" coveredconditionals="0" statements="8" coveredstatements="8" elements="10" coveredelements="10"/>
    </file>
    <file name="D:\Camilo\Programación\merca_todo\app\Http\Controllers\Auth\VerifyEmailController.php">
      <class name="App\Http\Controllers\Auth\VerifyEmailController" namespace="global">
        <metrics complexity="3" methods="1" coveredmethods="0" conditionals="0" coveredconditionals="0" statements="5" coveredstatements="4" elements="6" coveredelements="4"/>
      </class>
      <line num="18" type="method" name="__invoke" visibility="public" complexity="3" crap="3.07" count="1"/>
      <line num="20" type="stmt" count="1"/>
      <line num="21" type="stmt" count="0"/>
      <line num="24" type="stmt" count="1"/>
      <line num="25" type="stmt" count="1"/>
      <line num="28" type="stmt" count="1"/>
      <metrics loc="31" ncloc="25" classes="1" methods="1" coveredmethods="0" conditionals="0" coveredconditionals="0" statements="5" coveredstatements="4" elements="6" coveredelements="4"/>
    </file>
    <file name="D:\Camilo\Programación\merca_todo\app\Http\Controllers\BuyerController.php">
      <class name="App\Http\Controllers\BuyerController" namespace="global">
        <metrics complexity="4" methods="2" coveredmethods="0" conditionals="0" coveredconditionals="0" statements="13" coveredstatements="7" elements="15" coveredelements="7"/>
      </class>
      <line num="12" type="method" name="index" visibility="public" complexity="2" crap="2.35" count="2"/>
      <line num="14" type="stmt" count="2"/>
      <line num="15" type="stmt" count="0"/>
      <line num="16" type="stmt" count="0"/>
      <line num="17" type="stmt" count="0"/>
      <line num="18" type="stmt" count="0"/>
      <line num="20" type="stmt" count="2"/>
      <line num="21" type="stmt" count="2"/>
      <line num="22" type="stmt" count="2"/>
      <line num="25" type="stmt" count="2"/>
      <line num="28" type="method" name="show" visibility="public" complexity="2" crap="2.50" count="1"/>
      <line num="30" type="stmt" count="1"/>
      <line num="31" type="stmt" count="0"/>
      <line num="32" type="stmt" count="0"/>
      <line num="35" type="stmt" count="1"/>
      <metrics loc="38" ncloc="38" classes="1" methods="2" coveredmethods="0" conditionals="0" coveredconditionals="0" statements="13" coveredstatements="7" elements="15" coveredelements="7"/>
    </file>
    <file name="D:\Camilo\Programación\merca_todo\app\Http\Controllers\CartController.php">
      <class name="App\Http\Controllers\CartController" namespace="global">
        <metrics complexity="6" methods="4" coveredmethods="4" conditionals="0" coveredconditionals="0" statements="16" coveredstatements="16" elements="20" coveredelements="20"/>
      </class>
      <line num="14" type="method" name="index" visibility="public" complexity="1" crap="1" count="1"/>
      <line num="16" type="stmt" count="1"/>
      <line num="18" type="stmt" count="1"/>
      <line num="21" type="method" name="store" visibility="public" complexity="1" crap="1" count="1"/>
      <line num="23" type="stmt" count="1"/>
      <line num="25" type="stmt" count="1"/>
      <line num="27" type="stmt" count="1"/>
      <line num="28" type="stmt" count="1"/>
      <line num="31" type="method" name="update" visibility="public" complexity="3" crap="3" count="2"/>
      <line num="33" type="stmt" count="2"/>
      <line num="35" type="stmt" count="2"/>
      <line num="36" type="stmt" count="1"/>
      <line num="37" type="stmt" count="1"/>
      <line num="38" type="stmt" count="1"/>
      <line num="41" type="stmt" count="2"/>
      <line num="42" type="stmt" count="2"/>
      <line num="45" type="method" name="destroy" visibility="public" complexity="1" crap="1" count="1"/>
      <line num="47" type="stmt" count="1"/>
      <line num="49" type="stmt" count="1"/>
      <line num="50" type="stmt" count="1"/>
      <metrics loc="53" ncloc="53" classes="1" methods="4" coveredmethods="4" conditionals="0" coveredconditionals="0" statements="16" coveredstatements="16" elements="20" coveredelements="20"/>
    </file>
    <file name="D:\Camilo\Programación\merca_todo\app\Http\Controllers\Controller.php">
      <class name="App\Http\Controllers\Controller" namespace="global">
        <metrics complexity="0" methods="0" coveredmethods="0" conditionals="0" coveredconditionals="0" statements="0" coveredstatements="0" elements="0" coveredelements="0"/>
      </class>
      <metrics loc="16" ncloc="16" classes="0" methods="0" coveredmethods="0" conditionals="0" coveredconditionals="0" statements="0" coveredstatements="0" elements="0" coveredelements="0"/>
    </file>
    <file name="D:\Camilo\Programación\merca_todo\app\Http\Controllers\OrderController.php">
      <class name="App\Http\Controllers\OrderController" namespace="global">
        <metrics complexity="7" methods="4" coveredmethods="0" conditionals="0" coveredconditionals="0" statements="21" coveredstatements="0" elements="25" coveredelements="0"/>
      </class>
      <line num="17" type="method" name="index" visibility="public" complexity="1" crap="2" count="0"/>
      <line num="19" type="stmt" count="0"/>
      <line num="21" type="stmt" count="0"/>
      <line num="24" type="method" name="show" visibility="public" complexity="4" crap="20" count="0"/>
      <line num="26" type="stmt" count="0"/>
      <line num="27" type="stmt" count="0"/>
      <line num="29" type="stmt" count="0"/>
      <line num="30" type="stmt" count="0"/>
      <line num="32" type="stmt" count="0"/>
      <line num="36" type="stmt" count="0"/>
      <line num="39" type="method" name="store" visibility="public" complexity="1" crap="2" count="0"/>
      <line num="41" type="stmt" count="0"/>
      <line num="43" type="stmt" count="0"/>
      <line num="45" type="stmt" count="0"/>
      <line num="46" type="stmt" count="0"/>
      <line num="48" type="stmt" count="0"/>
      <line num="50" type="stmt" count="0"/>
      <line num="52" type="stmt" count="0"/>
      <line num="55" type="method" name="retry" visibility="public" complexity="1" crap="2" count="0"/>
      <line num="57" type="stmt" count="0"/>
      <line num="59" type="stmt" count="0"/>
      <line num="61" type="stmt" count="0"/>
      <line num="62" type="stmt" count="0"/>
      <line num="64" type="stmt" count="0"/>
      <line num="66" type="stmt" count="0"/>
      <metrics loc="69" ncloc="69" classes="1" methods="4" coveredmethods="0" conditionals="0" coveredconditionals="0" statements="21" coveredstatements="0" elements="25" coveredelements="0"/>
    </file>
    <file name="D:\Camilo\Programación\merca_todo\app\Http\Controllers\ProductsApiController.php">
      <class name="App\Http\Controllers\ProductsApiController" namespace="global">
        <metrics complexity="5" methods="5" coveredmethods="0" conditionals="0" coveredconditionals="0" statements="10" coveredstatements="0" elements="15" coveredelements="0"/>
      </class>
      <line num="14" type="method" name="index" visibility="public" complexity="1" crap="2" count="0"/>
      <line num="16" type="stmt" count="0"/>
      <line num="18" type="stmt" count="0"/>
      <line num="21" type="method" name="store" visibility="public" complexity="1" crap="2" count="0"/>
      <line num="23" type="stmt" count="0"/>
      <line num="25" type="stmt" count="0"/>
      <line num="28" type="method" name="show" visibility="public" complexity="1" crap="2" count="0"/>
      <line num="30" type="stmt" count="0"/>
      <line num="32" type="stmt" count="0"/>
      <line num="35" type="method" name="update" visibility="public" complexity="1" crap="2" count="0"/>
      <line num="37" type="stmt" count="0"/>
      <line num="39" type="stmt" count="0"/>
      <line num="42" type="method" name="destroy" visibility="public" complexity="1" crap="2" count="0"/>
      <line num="44" type="stmt" count="0"/>
      <line num="46" type="stmt" count="0"/>
      <metrics loc="51" ncloc="51" classes="1" methods="5" coveredmethods="0" conditionals="0" coveredconditionals="0" statements="10" coveredstatements="0" elements="15" coveredelements="0"/>
    </file>
    <file name="D:\Camilo\Programación\merca_todo\app\Http\Controllers\ProductsController.php">
      <class name="App\Http\Controllers\ProductsController" namespace="global">
        <metrics complexity="10" methods="9" coveredmethods="0" conditionals="0" coveredconditionals="0" statements="27" coveredstatements="0" elements="36" coveredelements="0"/>
      </class>
      <line num="16" type="method" name="__construct" visibility="public" complexity="1" crap="2" count="0"/>
      <line num="18" type="stmt" count="0"/>
      <line num="21" type="method" name="index" visibility="public" complexity="2" crap="6" count="0"/>
      <line num="23" type="stmt" count="0"/>
      <line num="24" type="stmt" count="0"/>
      <line num="25" type="stmt" count="0"/>
      <line num="26" type="stmt" count="0"/>
      <line num="27" type="stmt" count="0"/>
      <line num="29" type="stmt" count="0"/>
      <line num="30" type="stmt" count="0"/>
      <line num="33" type="stmt" count="0"/>
      <line num="36" type="method" name="show" visibility="public" complexity="1" crap="2" count="0"/>
      <line num="38" type="stmt" count="0"/>
      <line num="41" type="method" name="edit" visibility="public" complexity="1" crap="2" count="0"/>
      <line num="43" type="stmt" count="0"/>
      <line num="45" type="stmt" count="0"/>
      <line num="48" type="method" name="update" visibility="public" complexity="1" crap="2" count="0"/>
      <line num="50" type="stmt" count="0"/>
      <line num="52" type="stmt" count="0"/>
      <line num="53" type="stmt" count="0"/>
      <line num="56" type="method" name="create" visibility="public" complexity="1" crap="2" count="0"/>
      <line num="58" type="stmt" count="0"/>
      <line num="60" type="stmt" count="0"/>
      <line num="63" type="method" name="store" visibility="public" complexity="1" crap="2" count="0"/>
      <line num="65" type="stmt" count="0"/>
      <line num="67" type="stmt" count="0"/>
      <line num="68" type="stmt" count="0"/>
      <line num="71" type="method" name="destroy" visibility="public" complexity="1" crap="2" count="0"/>
      <line num="73" type="stmt" count="0"/>
      <line num="75" type="stmt" count="0"/>
      <line num="77" type="stmt" count="0"/>
      <line num="78" type="stmt" count="0"/>
      <line num="81" type="method" name="toggle" visibility="public" complexity="1" crap="2" count="0"/>
      <line num="83" type="stmt" count="0"/>
      <line num="85" type="stmt" count="0"/>
      <line num="87" type="stmt" count="0"/>
      <metrics loc="90" ncloc="90" classes="1" methods="9" coveredmethods="0" conditionals="0" coveredconditionals="0" statements="27" coveredstatements="0" elements="36" coveredelements="0"/>
    </file>
    <file name="D:\Camilo\Programación\merca_todo\app\Http\Controllers\ProductsExportController.php">
      <class name="App\Http\Controllers\ProductsExportController" namespace="global">
        <metrics complexity="1" methods="1" coveredmethods="0" conditionals="0" coveredconditionals="0" statements="5" coveredstatements="0" elements="6" coveredelements="0"/>
      </class>
      <line num="10" type="method" name="export" visibility="public" complexity="1" crap="2" count="0"/>
      <line num="12" type="stmt" count="0"/>
      <line num="13" type="stmt" count="0"/>
      <line num="15" type="stmt" count="0"/>
      <line num="16" type="stmt" count="0"/>
      <line num="19" type="stmt" count="0"/>
      <metrics loc="22" ncloc="22" classes="1" methods="1" coveredmethods="0" conditionals="0" coveredconditionals="0" statements="5" coveredstatements="0" elements="6" coveredelements="0"/>
    </file>
    <file name="D:\Camilo\Programación\merca_todo\app\Http\Controllers\ProductsImportController.php">
      <class name="App\Http\Controllers\ProductsImportController" namespace="global">
        <metrics complexity="2" methods="2" coveredmethods="0" conditionals="0" coveredconditionals="0" statements="5" coveredstatements="0" elements="7" coveredelements="0"/>
      </class>
      <line num="12" type="method" name="showImport" visibility="public" complexity="1" crap="2" count="0"/>
      <line num="14" type="stmt" count="0"/>
      <line num="17" type="method" name="storeImport" visibility="public" complexity="1" crap="2" count="0"/>
      <line num="19" type="stmt" count="0"/>
      <line num="21" type="stmt" count="0"/>
      <line num="23" type="stmt" count="0"/>
      <line num="25" type="stmt" count="0"/>
      <metrics loc="28" ncloc="28" classes="1" methods="2" coveredmethods="0" conditionals="0" coveredconditionals="0" statements="5" coveredstatements="0" elements="7" coveredelements="0"/>
    </file>
    <file name="D:\Camilo\Programación\merca_todo\app\Http\Controllers\RoleController.php">
      <class name="App\Http\Controllers\RoleController" namespace="global">
        <metrics complexity="8" methods="8" coveredmethods="3" conditionals="0" coveredconditionals="0" statements="28" coveredstatements="7" elements="36" coveredelements="10"/>
      </class>
      <line num="15" type="method" name="__construct" visibility="public" complexity="1" crap="1" count="3"/>
      <line num="17" type="stmt" count="3"/>
      <line num="20" type="method" name="index" visibility="public" complexity="1" crap="2" count="0"/>
      <line num="22" type="stmt" count="0"/>
      <line num="23" type="stmt" count="0"/>
      <line num="25" type="stmt" count="0"/>
      <line num="28" type="method" name="create" visibility="public" complexity="1" crap="1" count="1"/>
      <line num="30" type="stmt" count="1"/>
      <line num="32" type="stmt" count="1"/>
      <line num="35" type="method" name="store" visibility="public" complexity="1" crap="1" count="1"/>
      <line num="37" type="stmt" count="1"/>
      <line num="38" type="stmt" count="1"/>
      <line num="40" type="stmt" count="1"/>
      <line num="41" type="stmt" count="1"/>
      <line num="44" type="method" name="show" visibility="public" complexity="1" crap="2" count="0"/>
      <line num="46" type="stmt" count="0"/>
      <line num="48" type="stmt" count="0"/>
      <line num="51" type="method" name="edit" visibility="public" complexity="1" crap="2" count="0"/>
      <line num="53" type="stmt" count="0"/>
      <line num="54" type="stmt" count="0"/>
      <line num="55" type="stmt" count="0"/>
      <line num="56" type="stmt" count="0"/>
      <line num="57" type="stmt" count="0"/>
      <line num="59" type="stmt" count="0"/>
      <line num="62" type="method" name="update" visibility="public" complexity="1" crap="2" count="0"/>
      <line num="64" type="stmt" count="0"/>
      <line num="65" type="stmt" count="0"/>
      <line num="67" type="stmt" count="0"/>
      <line num="69" type="stmt" count="0"/>
      <line num="70" type="stmt" count="0"/>
      <line num="73" type="method" name="destroy" visibility="public" complexity="1" crap="2" count="0"/>
      <line num="75" type="stmt" count="0"/>
      <line num="76" type="stmt" count="0"/>
      <line num="77" type="stmt" count="0"/>
      <line num="79" type="stmt" count="0"/>
      <line num="80" type="stmt" count="0"/>
      <metrics loc="83" ncloc="83" classes="1" methods="8" coveredmethods="3" conditionals="0" coveredconditionals="0" statements="28" coveredstatements="7" elements="36" coveredelements="10"/>
    </file>
    <file name="D:\Camilo\Programación\merca_todo\app\Http\Controllers\UserController.php">
      <class name="App\Http\Controllers\UserController" namespace="global">
        <metrics complexity="11" methods="9" coveredmethods="0" conditionals="0" coveredconditionals="0" statements="36" coveredstatements="0" elements="45" coveredelements="0"/>
      </class>
      <line num="18" type="method" name="__construct" visibility="public" complexity="1" crap="2" count="0"/>
      <line num="20" type="stmt" count="0"/>
      <line num="23" type="method" name="index" visibility="public" complexity="2" crap="6" count="0"/>
      <line num="25" type="stmt" count="0"/>
      <line num="26" type="stmt" count="0"/>
      <line num="27" type="stmt" count="0"/>
      <line num="28" type="stmt" count="0"/>
      <line num="30" type="stmt" count="0"/>
      <line num="33" type="stmt" count="0"/>
      <line num="36" type="method" name="show" visibility="public" complexity="1" crap="2" count="0"/>
      <line num="38" type="stmt" count="0"/>
      <line num="41" type="method" name="create" visibility="public" complexity="1" crap="2" count="0"/>
      <line num="43" type="stmt" count="0"/>
      <line num="45" type="stmt" count="0"/>
      <line num="48" type="method" name="store" visibility="public" complexity="1" crap="2" count="0"/>
      <line num="50" type="stmt" count="0"/>
      <line num="51" type="stmt" count="0"/>
      <line num="53" type="stmt" count="0"/>
      <line num="54" type="stmt" count="0"/>
      <line num="56" type="stmt" count="0"/>
      <line num="57" type="stmt" count="0"/>
      <line num="60" type="method" name="update" visibility="public" complexity="2" crap="6" count="0"/>
      <line num="62" type="stmt" count="0"/>
      <line num="63" type="stmt" count="0"/>
      <line num="64" type="stmt" count="0"/>
      <line num="66" type="stmt" count="0"/>
      <line num="68" type="stmt" count="0"/>
      <line num="69" type="stmt" count="0"/>
      <line num="70" type="stmt" count="0"/>
      <line num="72" type="stmt" count="0"/>
      <line num="74" type="stmt" count="0"/>
      <line num="75" type="stmt" count="0"/>
      <line num="78" type="method" name="edit" visibility="public" complexity="1" crap="2" count="0"/>
      <line num="80" type="stmt" count="0"/>
      <line num="81" type="stmt" count="0"/>
      <line num="82" type="stmt" count="0"/>
      <line num="84" type="stmt" count="0"/>
      <line num="87" type="method" name="destroy" visibility="public" complexity="1" crap="2" count="0"/>
      <line num="89" type="stmt" count="0"/>
      <line num="91" type="stmt" count="0"/>
      <line num="92" type="stmt" count="0"/>
      <line num="95" type="method" name="toggle" visibility="public" complexity="1" crap="2" count="0"/>
      <line num="97" type="stmt" count="0"/>
      <line num="99" type="stmt" count="0"/>
      <line num="101" type="stmt" count="0"/>
      <metrics loc="104" ncloc="104" classes="1" methods="9" coveredmethods="0" conditionals="0" coveredconditionals="0" statements="36" coveredstatements="0" elements="45" coveredelements="0"/>
    </file>
    <file name="D:\Camilo\Programación\merca_todo\app\Http\Kernel.php">
      <class name="App\Http\Kernel" namespace="global">
        <metrics complexity="0" methods="0" coveredmethods="0" conditionals="0" coveredconditionals="0" statements="0" coveredstatements="0" elements="0" coveredelements="0"/>
      </class>
      <metrics loc="74" ncloc="53" classes="0" methods="0" coveredmethods="0" conditionals="0" coveredconditionals="0" statements="0" coveredstatements="0" elements="0" coveredelements="0"/>
    </file>
    <file name="D:\Camilo\Programación\merca_todo\app\Http\Middleware\Authenticate.php">
      <class name="App\Http\Middleware\Authenticate" namespace="global">
        <metrics complexity="2" methods="1" coveredmethods="0" conditionals="0" coveredconditionals="0" statements="2" coveredstatements="0" elements="3" coveredelements="0"/>
      </class>
      <line num="15" type="method" name="redirectTo" visibility="protected" complexity="2" crap="6" count="0"/>
      <line num="17" type="stmt" count="0"/>
      <line num="18" type="stmt" count="0"/>
      <metrics loc="22" ncloc="16" classes="1" methods="1" coveredmethods="0" conditionals="0" coveredconditionals="0" statements="2" coveredstatements="0" elements="3" coveredelements="0"/>
    </file>
    <file name="D:\Camilo\Programación\merca_todo\app\Http\Middleware\Banned.php">
      <class name="App\Http\Middleware\Banned" namespace="global">
        <metrics complexity="3" methods="1" coveredmethods="0" conditionals="0" coveredconditionals="0" statements="6" coveredstatements="2" elements="7" coveredelements="2"/>
      </class>
      <line num="13" type="method" name="handle" visibility="public" complexity="3" crap="5.67" count="25"/>
      <line num="15" type="stmt" count="25"/>
      <line num="16" type="stmt" count="0"/>
      <line num="17" type="stmt" count="0"/>
      <line num="18" type="stmt" count="0"/>
      <line num="20" type="stmt" count="0"/>
      <line num="23" type="stmt" count="25"/>
      <metrics loc="26" ncloc="26" classes="1" methods="1" coveredmethods="0" conditionals="0" coveredconditionals="0" statements="6" coveredstatements="2" elements="7" coveredelements="2"/>
    </file>
    <file name="D:\Camilo\Programación\merca_todo\app\Http\Middleware\EncryptCookies.php">
      <class name="App\Http\Middleware\EncryptCookies" namespace="global">
        <metrics complexity="0" methods="0" coveredmethods="0" conditionals="0" coveredconditionals="0" statements="0" coveredstatements="0" elements="0" coveredelements="0"/>
      </class>
      <metrics loc="18" ncloc="13" classes="0" methods="0" coveredmethods="0" conditionals="0" coveredconditionals="0" statements="0" coveredstatements="0" elements="0" coveredelements="0"/>
    </file>
    <file name="D:\Camilo\Programación\merca_todo\app\Http\Middleware\PreventRequestsDuringMaintenance.php">
      <class name="App\Http\Middleware\PreventRequestsDuringMaintenance" namespace="global">
        <metrics complexity="0" methods="0" coveredmethods="0" conditionals="0" coveredconditionals="0" statements="0" coveredstatements="0" elements="0" coveredelements="0"/>
      </class>
      <metrics loc="18" ncloc="13" classes="0" methods="0" coveredmethods="0" conditionals="0" coveredconditionals="0" statements="0" coveredstatements="0" elements="0" coveredelements="0"/>
    </file>
    <file name="D:\Camilo\Programación\merca_todo\app\Http\Middleware\RedirectIfAuthenticated.php">
      <class name="App\Http\Middleware\RedirectIfAuthenticated" namespace="global">
        <metrics complexity="4" methods="1" coveredmethods="0" conditionals="0" coveredconditionals="0" statements="5" coveredstatements="4" elements="6" coveredelements="4"/>
      </class>
      <line num="20" type="method" name="handle" visibility="public" complexity="4" crap="4.13" count="9"/>
      <line num="22" type="stmt" count="9"/>
      <line num="24" type="stmt" count="9"/>
      <line num="25" type="stmt" count="9"/>
      <line num="26" type="stmt" count="0"/>
      <line num="30" type="stmt" count="9"/>
      <metrics loc="33" ncloc="25" classes="1" methods="1" coveredmethods="0" conditionals="0" coveredconditionals="0" statements="5" coveredstatements="4" elements="6" coveredelements="4"/>
    </file>
    <file name="D:\Camilo\Programación\merca_todo\app\Http\Middleware\TrimStrings.php">
      <class name="App\Http\Middleware\TrimStrings" namespace="global">
        <metrics complexity="0" methods="0" coveredmethods="0" conditionals="0" coveredconditionals="0" statements="0" coveredstatements="0" elements="0" coveredelements="0"/>
      </class>
      <metrics loc="20" ncloc="15" classes="0" methods="0" coveredmethods="0" conditionals="0" coveredconditionals="0" statements="0" coveredstatements="0" elements="0" coveredelements="0"/>
    </file>
    <file name="D:\Camilo\Programación\merca_todo\app\Http\Middleware\TrustHosts.php">
      <class name="App\Http\Middleware\TrustHosts" namespace="global">
        <metrics complexity="1" methods="1" coveredmethods="0" conditionals="0" coveredconditionals="0" statements="1" coveredstatements="0" elements="2" coveredelements="0"/>
      </class>
      <line num="14" type="method" name="hosts" visibility="public" complexity="1" crap="2" count="0"/>
      <line num="17" type="stmt" count="0"/>
      <metrics loc="21" ncloc="16" classes="1" methods="1" coveredmethods="0" conditionals="0" coveredconditionals="0" statements="1" coveredstatements="0" elements="2" coveredelements="0"/>
    </file>
    <file name="D:\Camilo\Programación\merca_todo\app\Http\Middleware\TrustProxies.php">
      <class name="App\Http\Middleware\TrustProxies" namespace="global">
        <metrics complexity="0" methods="0" coveredmethods="0" conditionals="0" coveredconditionals="0" statements="0" coveredstatements="0" elements="0" coveredelements="0"/>
      </class>
      <metrics loc="29" ncloc="19" classes="0" methods="0" coveredmethods="0" conditionals="0" coveredconditionals="0" statements="0" coveredstatements="0" elements="0" coveredelements="0"/>
    </file>
    <file name="D:\Camilo\Programación\merca_todo\app\Http\Middleware\VerifyCsrfToken.php">
      <class name="App\Http\Middleware\VerifyCsrfToken" namespace="global">
        <metrics complexity="0" methods="0" coveredmethods="0" conditionals="0" coveredconditionals="0" statements="0" coveredstatements="0" elements="0" coveredelements="0"/>
      </class>
      <metrics loc="18" ncloc="13" classes="0" methods="0" coveredmethods="0" conditionals="0" coveredconditionals="0" statements="0" coveredstatements="0" elements="0" coveredelements="0"/>
    </file>
    <file name="D:\Camilo\Programación\merca_todo\app\Http\Requests\Admin\Products\ProductRequest.php">
      <class name="App\Http\Requests\Admin\Products\ProductRequest" namespace="global">
        <metrics complexity="2" methods="2" coveredmethods="0" conditionals="0" coveredconditionals="0" statements="2" coveredstatements="0" elements="4" coveredelements="0"/>
      </class>
      <line num="9" type="method" name="authorize" visibility="public" complexity="1" crap="2" count="0"/>
      <line num="11" type="stmt" count="0"/>
      <line num="14" type="method" name="rules" visibility="public" complexity="1" crap="2" count="0"/>
      <line num="17" type="stmt" count="0"/>
      <metrics loc="27" ncloc="27" classes="1" methods="2" coveredmethods="0" conditionals="0" coveredconditionals="0" statements="2" coveredstatements="0" elements="4" coveredelements="0"/>
    </file>
    <file name="D:\Camilo\Programación\merca_todo\app\Http\Requests\Admin\Products\RegisterRequest.php">
      <class name="App\Http\Requests\Admin\Products\RegisterRequest" namespace="global">
        <metrics complexity="2" methods="2" coveredmethods="2" conditionals="0" coveredconditionals="0" statements="3" coveredstatements="3" elements="5" coveredelements="5"/>
      </class>
      <line num="10" type="method" name="authorize" visibility="public" complexity="1" crap="1" count="1"/>
      <line num="12" type="stmt" count="1"/>
      <line num="15" type="method" name="rules" visibility="public" complexity="1" crap="1" count="1"/>
      <line num="18" type="stmt" count="1"/>
      <line num="20" type="stmt" count="1"/>
      <metrics loc="24" ncloc="24" classes="1" methods="2" coveredmethods="2" conditionals="0" coveredconditionals="0" statements="3" coveredstatements="3" elements="5" coveredelements="5"/>
    </file>
    <file name="D:\Camilo\Programación\merca_todo\app\Http\Requests\Admin\Role\RoleRequest.php">
      <class name="App\Http\Requests\Admin\Role\RoleRequest" namespace="global">
        <metrics complexity="2" methods="2" coveredmethods="2" conditionals="0" coveredconditionals="0" statements="2" coveredstatements="2" elements="4" coveredelements="4"/>
      </class>
      <line num="11" type="method" name="authorize" visibility="public" complexity="1" crap="1" count="1"/>
      <line num="13" type="stmt" count="1"/>
      <line num="16" type="method" name="rules" visibility="public" complexity="1" crap="1" count="1"/>
      <line num="21" type="stmt" count="1"/>
      <metrics loc="27" ncloc="27" classes="1" methods="2" coveredmethods="2" conditionals="0" coveredconditionals="0" statements="2" coveredstatements="2" elements="4" coveredelements="4"/>
    </file>
    <file name="D:\Camilo\Programación\merca_todo\app\Http\Requests\Admin\Users\StoreUserRequest.php">
      <class name="App\Http\Requests\Admin\Users\StoreUserRequest" namespace="global">
        <metrics complexity="2" methods="2" coveredmethods="0" conditionals="0" coveredconditionals="0" statements="2" coveredstatements="0" elements="4" coveredelements="0"/>
      </class>
      <line num="9" type="method" name="authorize" visibility="public" complexity="1" crap="2" count="0"/>
      <line num="11" type="stmt" count="0"/>
      <line num="14" type="method" name="rules" visibility="public" complexity="1" crap="2" count="0"/>
      <line num="17" type="stmt" count="0"/>
      <metrics loc="24" ncloc="24" classes="1" methods="2" coveredmethods="0" conditionals="0" coveredconditionals="0" statements="2" coveredstatements="0" elements="4" coveredelements="0"/>
    </file>
    <file name="D:\Camilo\Programación\merca_todo\app\Http\Requests\Admin\Users\UpdateUserRequest.php">
      <class name="App\Http\Requests\Admin\Users\UpdateUserRequest" namespace="global">
        <metrics complexity="2" methods="2" coveredmethods="0" conditionals="0" coveredconditionals="0" statements="2" coveredstatements="0" elements="4" coveredelements="0"/>
      </class>
      <line num="9" type="method" name="authorize" visibility="public" complexity="1" crap="2" count="0"/>
      <line num="11" type="stmt" count="0"/>
      <line num="14" type="method" name="rules" visibility="public" complexity="1" crap="2" count="0"/>
      <line num="17" type="stmt" count="0"/>
      <metrics loc="24" ncloc="24" classes="1" methods="2" coveredmethods="0" conditionals="0" coveredconditionals="0" statements="2" coveredstatements="0" elements="4" coveredelements="0"/>
    </file>
    <file name="D:\Camilo\Programación\merca_todo\app\Http\Requests\Admin\Users\UserRequest.php">
      <class name="App\Http\Requests\Admin\Users\UserRequest" namespace="global">
        <metrics complexity="2" methods="2" coveredmethods="0" conditionals="0" coveredconditionals="0" statements="2" coveredstatements="0" elements="4" coveredelements="0"/>
      </class>
      <line num="14" type="method" name="authorize" visibility="public" complexity="1" crap="2" count="0"/>
      <line num="16" type="stmt" count="0"/>
      <line num="22" type="method" name="rules" visibility="public" complexity="1" crap="2" count="0"/>
      <line num="25" type="stmt" count="0"/>
      <metrics loc="32" ncloc="24" classes="1" methods="2" coveredmethods="0" conditionals="0" coveredconditionals="0" statements="2" coveredstatements="0" elements="4" coveredelements="0"/>
    </file>
    <file name="D:\Camilo\Programación\merca_todo\app\Http\Requests\Auth\LoginRequest.php">
      <class name="App\Http\Requests\Auth\LoginRequest" namespace="global">
        <metrics complexity="7" methods="5" coveredmethods="4" conditionals="0" coveredconditionals="0" statements="16" coveredstatements="11" elements="21" coveredelements="15"/>
      </class>
      <line num="19" type="method" name="authorize" visibility="public" complexity="1" crap="1" count="2"/>
      <line num="21" type="stmt" count="2"/>
      <line num="29" type="method" name="rules" visibility="public" complexity="1" crap="1" count="2"/>
      <line num="32" type="stmt" count="2"/>
      <line num="44" type="method" name="authenticate" visibility="public" complexity="2" crap="2" count="2"/>
      <line num="46" type="stmt" count="2"/>
      <line num="48" type="stmt" count="2"/>
      <line num="49" type="stmt" count="1"/>
      <line num="51" type="stmt" count="1"/>
      <line num="52" type="stmt" count="1"/>
      <line num="56" type="stmt" count="1"/>
      <line num="66" type="method" name="ensureIsNotRateLimited" visibility="public" complexity="2" crap="3.46" count="2"/>
      <line num="68" type="stmt" count="2"/>
      <line num="69" type="stmt" count="2"/>
      <line num="72" type="stmt" count="0"/>
      <line num="74" type="stmt" count="0"/>
      <line num="76" type="stmt" count="0"/>
      <line num="77" type="stmt" count="0"/>
      <line num="79" type="stmt" count="0"/>
      <line num="89" type="method" name="throttleKey" visibility="public" complexity="1" crap="1" count="2"/>
      <line num="91" type="stmt" count="2"/>
      <metrics loc="94" ncloc="65" classes="1" methods="5" coveredmethods="4" conditionals="0" coveredconditionals="0" statements="16" coveredstatements="11" elements="21" coveredelements="15"/>
    </file>
    <file name="D:\Camilo\Programación\merca_todo\app\Http\Requests\Buyer\StoreCartRequest.php">
      <class name="App\Http\Requests\Buyer\StoreCartRequest" namespace="global">
        <metrics complexity="2" methods="2" coveredmethods="2" conditionals="0" coveredconditionals="0" statements="2" coveredstatements="2" elements="4" coveredelements="4"/>
      </class>
      <line num="9" type="method" name="authorize" visibility="public" complexity="1" crap="1" count="1"/>
      <line num="11" type="stmt" count="1"/>
      <line num="14" type="method" name="rules" visibility="public" complexity="1" crap="1" count="1"/>
      <line num="17" type="stmt" count="1"/>
      <metrics loc="22" ncloc="22" classes="1" methods="2" coveredmethods="2" conditionals="0" coveredconditionals="0" statements="2" coveredstatements="2" elements="4" coveredelements="4"/>
    </file>
    <file name="D:\Camilo\Programación\merca_todo\app\Http\Requests\Buyer\UpdateCartRequest.php">
      <class name="App\Http\Requests\Buyer\UpdateCartRequest" namespace="global">
        <metrics complexity="2" methods="2" coveredmethods="2" conditionals="0" coveredconditionals="0" statements="2" coveredstatements="2" elements="4" coveredelements="4"/>
      </class>
      <line num="9" type="method" name="authorize" visibility="public" complexity="1" crap="1" count="2"/>
      <line num="11" type="stmt" count="2"/>
      <line num="14" type="method" name="rules" visibility="public" complexity="1" crap="1" count="2"/>
      <line num="17" type="stmt" count="2"/>
      <metrics loc="21" ncloc="21" classes="1" methods="2" coveredmethods="2" conditionals="0" coveredconditionals="0" statements="2" coveredstatements="2" elements="4" coveredelements="4"/>
    </file>
    <file name="D:\Camilo\Programación\merca_todo\app\Http\Requests\Webcheckout\CreateSessionRequest.php">
      <class name="App\Http\Requests\Webcheckout\CreateSessionRequest" namespace="global">
        <metrics complexity="4" methods="4" coveredmethods="3" conditionals="0" coveredconditionals="0" statements="11" coveredstatements="10" elements="15" coveredelements="13"/>
      </class>
      <line num="13" type="method" name="__construct" visibility="public" complexity="1" crap="1" count="2"/>
      <line num="15" type="stmt" count="2"/>
      <line num="16" type="stmt" count="2"/>
      <line num="17" type="stmt" count="2"/>
      <line num="20" type="method" name="url" visibility="public" complexity="1" crap="1" count="1"/>
      <line num="22" type="stmt" count="1"/>
      <line num="25" type="method" name="toArray" visibility="public" complexity="1" crap="1" count="2"/>
      <line num="27" type="stmt" count="2"/>
      <line num="29" type="stmt" count="2"/>
      <line num="30" type="stmt" count="2"/>
      <line num="31" type="stmt" count="2"/>
      <line num="32" type="stmt" count="2"/>
      <line num="33" type="stmt" count="2"/>
      <line num="37" type="method" name="payer" visibility="public" complexity="1" crap="2" count="0"/>
      <line num="40" type="stmt" count="0"/>
      <metrics loc="51" ncloc="51" classes="1" methods="4" coveredmethods="3" conditionals="0" coveredconditionals="0" statements="11" coveredstatements="10" elements="15" coveredelements="13"/>
    </file>
    <file name="D:\Camilo\Programación\merca_todo\app\Http\Requests\Webcheckout\GetInformationRequest.php">
      <class name="App\Http\Requests\Webcheckout\GetInformationRequest" namespace="global">
        <metrics complexity="2" methods="2" coveredmethods="1" conditionals="0" coveredconditionals="0" statements="6" coveredstatements="5" elements="8" coveredelements="6"/>
      </class>
      <line num="10" type="method" name="auth" visibility="public" complexity="1" crap="1" count="3"/>
      <line num="12" type="stmt" count="3"/>
      <line num="13" type="stmt" count="3"/>
      <line num="14" type="stmt" count="3"/>
      <line num="18" type="stmt" count="3"/>
      <line num="20" type="stmt" count="3"/>
      <line num="26" type="method" name="url" visibility="public" complexity="1" crap="2" count="0"/>
      <line num="28" type="stmt" count="0"/>
      <metrics loc="31" ncloc="31" classes="1" methods="2" coveredmethods="1" conditionals="0" coveredconditionals="0" statements="6" coveredstatements="5" elements="8" coveredelements="6"/>
    </file>
    <file name="D:\Camilo\Programación\merca_todo\app\Http\Resources\ProductsResource.php">
      <class name="App\Http\Resources\ProductsResource" namespace="global">
        <metrics complexity="1" methods="1" coveredmethods="0" conditionals="0" coveredconditionals="0" statements="10" coveredstatements="0" elements="11" coveredelements="0"/>
      </class>
      <line num="9" type="method" name="toArray" visibility="public" complexity="1" crap="2" count="0"/>
      <line num="12" type="stmt" count="0"/>
      <line num="13" type="stmt" count="0"/>
      <line num="14" type="stmt" count="0"/>
      <line num="15" type="stmt" count="0"/>
      <line num="16" type="stmt" count="0"/>
      <line num="17" type="stmt" count="0"/>
      <line num="18" type="stmt" count="0"/>
      <line num="19" type="stmt" count="0"/>
      <line num="20" type="stmt" count="0"/>
      <line num="21" type="stmt" count="0"/>
      <metrics loc="25" ncloc="25" classes="1" methods="1" coveredmethods="0" conditionals="0" coveredconditionals="0" statements="10" coveredstatements="0" elements="11" coveredelements="0"/>
    </file>
    <file name="D:\Camilo\Programación\merca_todo\app\Imports\ProductsImport.php">
      <class name="App\Imports\ProductsImport" namespace="global">
        <metrics complexity="2" methods="2" coveredmethods="0" conditionals="0" coveredconditionals="0" statements="10" coveredstatements="0" elements="12" coveredelements="0"/>
      </class>
      <line num="15" type="method" name="model" visibility="public" complexity="1" crap="2" count="0"/>
      <line num="17" type="stmt" count="0"/>
      <line num="18" type="stmt" count="0"/>
      <line num="19" type="stmt" count="0"/>
      <line num="20" type="stmt" count="0"/>
      <line num="21" type="stmt" count="0"/>
      <line num="22" type="stmt" count="0"/>
      <line num="23" type="stmt" count="0"/>
      <line num="24" type="stmt" count="0"/>
      <line num="26" type="stmt" count="0"/>
      <line num="29" type="method" name="rules" visibility="public" complexity="1" crap="2" count="0"/>
      <line num="32" type="stmt" count="0"/>
      <metrics loc="42" ncloc="42" classes="1" methods="2" coveredmethods="0" conditionals="0" coveredconditionals="0" statements="10" coveredstatements="0" elements="12" coveredelements="0"/>
    </file>
    <file name="D:\Camilo\Programación\merca_todo\app\Jobs\CheckPendingOrderJob.php">
      <class name="App\Jobs\CheckPendingOrderJob" namespace="global">
        <metrics complexity="1" methods="1" coveredmethods="0" conditionals="0" coveredconditionals="0" statements="1" coveredstatements="0" elements="2" coveredelements="0"/>
      </class>
      <line num="19" type="method" name="handle" visibility="public" complexity="1" crap="2" count="0"/>
      <line num="21" type="stmt" count="0"/>
      <metrics loc="24" ncloc="24" classes="1" methods="1" coveredmethods="0" conditionals="0" coveredconditionals="0" statements="1" coveredstatements="0" elements="2" coveredelements="0"/>
    </file>
    <file name="D:\Camilo\Programación\merca_todo\app\Jobs\SendEmailJob.php">
      <class name="App\Jobs\SendEmailJob" namespace="global">
        <metrics complexity="2" methods="2" coveredmethods="0" conditionals="0" coveredconditionals="0" statements="3" coveredstatements="0" elements="5" coveredelements="0"/>
      </class>
      <line num="22" type="method" name="__construct" visibility="public" complexity="1" crap="2" count="0"/>
      <line num="24" type="stmt" count="0"/>
      <line num="25" type="stmt" count="0"/>
      <line num="28" type="method" name="handle" visibility="public" complexity="1" crap="2" count="0"/>
      <line num="30" type="stmt" count="0"/>
      <metrics loc="33" ncloc="33" classes="1" methods="2" coveredmethods="0" conditionals="0" coveredconditionals="0" statements="3" coveredstatements="0" elements="5" coveredelements="0"/>
    </file>
    <file name="D:\Camilo\Programación\merca_todo\app\Mail\EmailForQueue.php">
      <class name="App\Mail\EmailForQueue" namespace="global">
        <metrics complexity="2" methods="1" coveredmethods="0" conditionals="0" coveredconditionals="0" statements="1" coveredstatements="0" elements="2" coveredelements="0"/>
      </class>
      <line num="18" type="method" name="build" visibility="public" complexity="1" crap="2" count="0"/>
      <line num="20" type="stmt" count="0"/>
      <metrics loc="23" ncloc="23" classes="1" methods="1" coveredmethods="0" conditionals="0" coveredconditionals="0" statements="1" coveredstatements="0" elements="2" coveredelements="0"/>
    </file>
    <file name="D:\Camilo\Programación\merca_todo\app\Models\Category.php">
      <class name="App\Models\Category" namespace="global">
        <metrics complexity="1" methods="1" coveredmethods="1" conditionals="0" coveredconditionals="0" statements="1" coveredstatements="1" elements="2" coveredelements="2"/>
      </class>
      <line num="17" type="method" name="products" visibility="public" complexity="1" crap="1" count="1"/>
      <line num="19" type="stmt" count="1"/>
      <metrics loc="22" ncloc="22" classes="1" methods="1" coveredmethods="1" conditionals="0" coveredconditionals="0" statements="1" coveredstatements="1" elements="2" coveredelements="2"/>
    </file>
    <file name="D:\Camilo\Programación\merca_todo\app\Models\Order.php">
      <class name="App\Models\Order" namespace="global">
        <metrics complexity="2" methods="2" coveredmethods="1" conditionals="0" coveredconditionals="0" statements="2" coveredstatements="1" elements="4" coveredelements="2"/>
      </class>
      <line num="23" type="method" name="user" visibility="public" complexity="1" crap="2" count="0"/>
      <line num="25" type="stmt" count="0"/>
      <line num="28" type="method" name="productsOrder" visibility="public" complexity="1" crap="1" count="1"/>
      <line num="30" type="stmt" count="1"/>
      <metrics loc="33" ncloc="33" classes="1" methods="2" coveredmethods="1" conditionals="0" coveredconditionals="0" statements="2" coveredstatements="1" elements="4" coveredelements="2"/>
    </file>
    <file name="D:\Camilo\Programación\merca_todo\app\Models\Product.php">
      <class name="App\Models\Product" namespace="global">
        <metrics complexity="7" methods="7" coveredmethods="6" conditionals="0" coveredconditionals="0" statements="7" coveredstatements="6" elements="14" coveredelements="12"/>
      </class>
      <line num="25" type="method" name="category" visibility="public" complexity="1" crap="2" count="0"/>
      <line num="27" type="stmt" count="0"/>
      <line num="30" type="method" name="productOrder" visibility="public" complexity="1" crap="1" count="1"/>
      <line num="32" type="stmt" count="1"/>
      <line num="35" type="method" name="getBuyableIdentifier" visibility="public" complexity="1" crap="1" count="5"/>
      <line num="37" type="stmt" count="5"/>
      <line num="40" type="method" name="getBuyableDescription" visibility="public" complexity="1" crap="1" count="5"/>
      <line num="42" type="stmt" count="5"/>
      <line num="45" type="method" name="getBuyablePrice" visibility="public" complexity="1" crap="1" count="5"/>
      <line num="47" type="stmt" count="5"/>
      <line num="50" type="method" name="getBuyableWeight" visibility="public" complexity="1" crap="1" count="5"/>
      <line num="52" type="stmt" count="5"/>
      <line num="55" type="method" name="getDescription" visibility="public" complexity="1" crap="1" count="1"/>
      <line num="57" type="stmt" count="1"/>
      <metrics loc="60" ncloc="60" classes="1" methods="7" coveredmethods="6" conditionals="0" coveredconditionals="0" statements="7" coveredstatements="6" elements="14" coveredelements="12"/>
    </file>
    <file name="D:\Camilo\Programación\merca_todo\app\Models\ProductOrder.php">
      <class name="App\Models\ProductOrder" namespace="global">
        <metrics complexity="2" methods="2" coveredmethods="0" conditionals="0" coveredconditionals="0" statements="2" coveredstatements="0" elements="4" coveredelements="0"/>
      </class>
      <line num="20" type="method" name="order" visibility="public" complexity="1" crap="2" count="0"/>
      <line num="22" type="stmt" count="0"/>
      <line num="25" type="method" name="product" visibility="public" complexity="1" crap="2" count="0"/>
      <line num="27" type="stmt" count="0"/>
      <metrics loc="30" ncloc="30" classes="1" methods="2" coveredmethods="0" conditionals="0" coveredconditionals="0" statements="2" coveredstatements="0" elements="4" coveredelements="0"/>
    </file>
    <file name="D:\Camilo\Programación\merca_todo\app\Models\Role.php">
      <class name="App\Models\Role" namespace="global">
        <metrics complexity="0" methods="0" coveredmethods="0" conditionals="0" coveredconditionals="0" statements="0" coveredstatements="0" elements="0" coveredelements="0"/>
      </class>
      <metrics loc="10" ncloc="10" classes="0" methods="0" coveredmethods="0" conditionals="0" coveredconditionals="0" statements="0" coveredstatements="0" elements="0" coveredelements="0"/>
    </file>
    <file name="D:\Camilo\Programación\merca_todo\app\Models\User.php">
      <class name="App\Models\User" namespace="global">
        <metrics complexity="1" methods="1" coveredmethods="1" conditionals="0" coveredconditionals="0" statements="1" coveredstatements="1" elements="2" coveredelements="2"/>
      </class>
      <line num="52" type="method" name="orders" visibility="public" complexity="1" crap="1" count="1"/>
      <line num="54" type="stmt" count="1"/>
      <metrics loc="57" ncloc="42" classes="1" methods="1" coveredmethods="1" conditionals="0" coveredconditionals="0" statements="1" coveredstatements="1" elements="2" coveredelements="2"/>
    </file>
    <file name="D:\Camilo\Programación\merca_todo\app\Notifications\Export.php">
      <class name="App\Notifications\Export" namespace="global">
        <metrics complexity="3" methods="3" coveredmethods="0" conditionals="0" coveredconditionals="0" statements="6" coveredstatements="0" elements="9" coveredelements="0"/>
      </class>
      <line num="15" type="method" name="__construct" visibility="public" complexity="1" crap="2" count="0"/>
      <line num="17" type="stmt" count="0"/>
      <line num="20" type="method" name="via" visibility="public" complexity="1" crap="2" count="0"/>
      <line num="22" type="stmt" count="0"/>
      <line num="25" type="method" name="toMail" visibility="public" complexity="1" crap="2" count="0"/>
      <line num="27" type="stmt" count="0"/>
      <line num="28" type="stmt" count="0"/>
      <line num="29" type="stmt" count="0"/>
      <line num="30" type="stmt" count="0"/>
      <metrics loc="33" ncloc="33" classes="1" methods="3" coveredmethods="0" conditionals="0" coveredconditionals="0" statements="6" coveredstatements="0" elements="9" coveredelements="0"/>
    </file>
    <file name="D:\Camilo\Programación\merca_todo\app\Policies\ProductPolicy.php">
      <class name="App\Policies\ProductPolicy" namespace="global">
        <metrics complexity="6" methods="6" coveredmethods="0" conditionals="0" coveredconditionals="0" statements="6" coveredstatements="0" elements="12" coveredelements="0"/>
      </class>
      <line num="13" type="method" name="viewAny" visibility="public" complexity="1" crap="2" count="0"/>
      <line num="15" type="stmt" count="0"/>
      <line num="18" type="method" name="view" visibility="public" complexity="1" crap="2" count="0"/>
      <line num="20" type="stmt" count="0"/>
      <line num="23" type="method" name="create" visibility="public" complexity="1" crap="2" count="0"/>
      <line num="25" type="stmt" count="0"/>
      <line num="28" type="method" name="update" visibility="public" complexity="1" crap="2" count="0"/>
      <line num="30" type="stmt" count="0"/>
      <line num="33" type="method" name="delete" visibility="public" complexity="1" crap="2" count="0"/>
      <line num="35" type="stmt" count="0"/>
      <line num="38" type="method" name="toggle" visibility="public" complexity="1" crap="2" count="0"/>
      <line num="40" type="stmt" count="0"/>
      <metrics loc="43" ncloc="43" classes="1" methods="6" coveredmethods="0" conditionals="0" coveredconditionals="0" statements="6" coveredstatements="0" elements="12" coveredelements="0"/>
    </file>
    <file name="D:\Camilo\Programación\merca_todo\app\Policies\RolePolicy.php">
      <class name="App\Policies\RolePolicy" namespace="global">
        <metrics complexity="5" methods="5" coveredmethods="1" conditionals="0" coveredconditionals="0" statements="5" coveredstatements="1" elements="10" coveredelements="2"/>
      </class>
      <line num="13" type="method" name="viewAny" visibility="public" complexity="1" crap="2" count="0"/>
      <line num="15" type="stmt" count="0"/>
      <line num="18" type="method" name="view" visibility="public" complexity="1" crap="2" count="0"/>
      <line num="20" type="stmt" count="0"/>
      <line num="23" type="method" name="create" visibility="public" complexity="1" crap="1" count="2"/>
      <line num="25" type="stmt" count="2"/>
      <line num="28" type="method" name="update" visibility="public" complexity="1" crap="2" count="0"/>
      <line num="30" type="stmt" count="0"/>
      <line num="33" type="method" name="delete" visibility="public" complexity="1" crap="2" count="0"/>
      <line num="35" type="stmt" count="0"/>
      <metrics loc="38" ncloc="38" classes="1" methods="5" coveredmethods="1" conditionals="0" coveredconditionals="0" statements="5" coveredstatements="1" elements="10" coveredelements="2"/>
    </file>
    <file name="D:\Camilo\Programación\merca_todo\app\Policies\UserPolicy.php">
      <class name="App\Policies\UserPolicy" namespace="global">
        <metrics complexity="6" methods="6" coveredmethods="0" conditionals="0" coveredconditionals="0" statements="6" coveredstatements="0" elements="12" coveredelements="0"/>
      </class>
      <line num="13" type="method" name="viewAny" visibility="public" complexity="1" crap="2" count="0"/>
      <line num="15" type="stmt" count="0"/>
      <line num="18" type="method" name="view" visibility="public" complexity="1" crap="2" count="0"/>
      <line num="20" type="stmt" count="0"/>
      <line num="23" type="method" name="create" visibility="public" complexity="1" crap="2" count="0"/>
      <line num="25" type="stmt" count="0"/>
      <line num="28" type="method" name="update" visibility="public" complexity="1" crap="2" count="0"/>
      <line num="30" type="stmt" count="0"/>
      <line num="33" type="method" name="delete" visibility="public" complexity="1" crap="2" count="0"/>
      <line num="35" type="stmt" count="0"/>
      <line num="38" type="method" name="toggle" visibility="public" complexity="1" crap="2" count="0"/>
      <line num="40" type="stmt" count="0"/>
      <metrics loc="43" ncloc="43" classes="1" methods="6" coveredmethods="0" conditionals="0" coveredconditionals="0" statements="6" coveredstatements="0" elements="12" coveredelements="0"/>
    </file>
    <file name="D:\Camilo\Programación\merca_todo\app\Providers\AppServiceProvider.php">
      <class name="App\Providers\AppServiceProvider" namespace="global">
        <metrics complexity="2" methods="1" coveredmethods="1" conditionals="0" coveredconditionals="0" statements="1" coveredstatements="1" elements="2" coveredelements="2"/>
      </class>
      <line num="24" type="method" name="boot" visibility="public" complexity="1" crap="1" count="33"/>
      <line num="26" type="stmt" count="33"/>
      <metrics loc="29" ncloc="19" classes="1" methods="1" coveredmethods="1" conditionals="0" coveredconditionals="0" statements="1" coveredstatements="1" elements="2" coveredelements="2"/>
    </file>
    <file name="D:\Camilo\Programación\merca_todo\app\Providers\AuthServiceProvider.php">
      <class name="App\Providers\AuthServiceProvider" namespace="global">
        <metrics complexity="1" methods="1" coveredmethods="1" conditionals="0" coveredconditionals="0" statements="1" coveredstatements="1" elements="2" coveredelements="2"/>
      </class>
      <line num="23" type="method" name="boot" visibility="public" complexity="1" crap="1" count="33"/>
      <line num="25" type="stmt" count="33"/>
      <metrics loc="28" ncloc="18" classes="1" methods="1" coveredmethods="1" conditionals="0" coveredconditionals="0" statements="1" coveredstatements="1" elements="2" coveredelements="2"/>
    </file>
    <file name="D:\Camilo\Programación\merca_todo\app\Providers\BroadcastServiceProvider.php">
      <class name="App\Providers\BroadcastServiceProvider" namespace="global">
        <metrics complexity="1" methods="1" coveredmethods="0" conditionals="0" coveredconditionals="0" statements="2" coveredstatements="0" elements="3" coveredelements="0"/>
      </class>
      <line num="15" type="method" name="boot" visibility="public" complexity="1" crap="2" count="0"/>
      <line num="17" type="stmt" count="0"/>
      <line num="19" type="stmt" count="0"/>
      <metrics loc="22" ncloc="17" classes="1" methods="1" coveredmethods="0" conditionals="0" coveredconditionals="0" statements="2" coveredstatements="0" elements="3" coveredelements="0"/>
    </file>
    <file name="D:\Camilo\Programación\merca_todo\app\Providers\EventServiceProvider.php">
      <class name="App\Providers\EventServiceProvider" namespace="global">
        <metrics complexity="1" methods="0" coveredmethods="0" conditionals="0" coveredconditionals="0" statements="0" coveredstatements="0" elements="0" coveredelements="0"/>
      </class>
      <metrics loc="33" ncloc="22" classes="0" methods="0" coveredmethods="0" conditionals="0" coveredconditionals="0" statements="0" coveredstatements="0" elements="0" coveredelements="0"/>
    </file>
    <file name="D:\Camilo\Programación\merca_todo\app\Providers\RouteServiceProvider.php">
      <class name="App\Providers\RouteServiceProvider" namespace="global">
        <metrics complexity="3" methods="2" coveredmethods="0" conditionals="0" coveredconditionals="0" statements="14" coveredstatements="3" elements="16" coveredelements="3"/>
      </class>
      <line num="36" type="method" name="boot" visibility="public" complexity="1" crap="1.58" count="33"/>
      <line num="38" type="stmt" count="33"/>
      <line num="40" type="stmt" count="33"/>
      <line num="41" type="stmt" count="0"/>
      <line num="42" type="stmt" count="0"/>
      <line num="43" type="stmt" count="0"/>
      <line num="44" type="stmt" count="0"/>
      <line num="46" type="stmt" count="0"/>
      <line num="47" type="stmt" count="0"/>
      <line num="48" type="stmt" count="0"/>
      <line num="50" type="stmt" count="0"/>
      <line num="51" type="stmt" count="0"/>
      <line num="52" type="stmt" count="0"/>
      <line num="61" type="method" name="configureRateLimiting" visibility="protected" complexity="2" crap="2.50" count="33"/>
      <line num="63" type="stmt" count="33"/>
      <line num="64" type="stmt" count="0"/>
      <metrics loc="68" ncloc="43" classes="1" methods="2" coveredmethods="0" conditionals="0" coveredconditionals="0" statements="14" coveredstatements="3" elements="16" coveredelements="3"/>
    </file>
    <file name="D:\Camilo\Programación\merca_todo\app\Services\WebcheckoutService.php">
      <class name="App\Services\WebcheckoutService" namespace="global">
        <metrics complexity="4" methods="4" coveredmethods="3" conditionals="0" coveredconditionals="0" statements="12" coveredstatements="8" elements="16" coveredelements="11"/>
      </class>
      <line num="14" type="method" name="__construct" visibility="public" complexity="1" crap="1" count="1"/>
      <line num="16" type="stmt" count="1"/>
      <line num="19" type="method" name="getInformation" visibility="public" complexity="1" crap="2" count="0"/>
      <line num="21" type="stmt" count="0"/>
      <line num="22" type="stmt" count="0"/>
      <line num="24" type="stmt" count="0"/>
      <line num="26" type="stmt" count="0"/>
      <line num="29" type="method" name="createSession" visibility="public" complexity="1" crap="1" count="1"/>
      <line num="31" type="stmt" count="1"/>
      <line num="32" type="stmt" count="1"/>
      <line num="33" type="stmt" count="1"/>
      <line num="35" type="stmt" count="1"/>
      <line num="38" type="method" name="request" visibility="private" complexity="1" crap="1" count="1"/>
      <line num="40" type="stmt" count="1"/>
      <line num="44" type="stmt" count="1"/>
      <line num="46" type="stmt" count="1"/>
      <metrics loc="49" ncloc="49" classes="1" methods="4" coveredmethods="3" conditionals="0" coveredconditionals="0" statements="12" coveredstatements="8" elements="16" coveredelements="11"/>
    </file>
    <file name="D:\Camilo\Programación\merca_todo\app\View\Components\AppLayout.php">
      <class name="App\View\Components\AppLayout" namespace="global">
        <metrics complexity="1" methods="1" coveredmethods="1" conditionals="0" coveredconditionals="0" statements="1" coveredstatements="1" elements="2" coveredelements="2"/>
      </class>
      <line num="14" type="method" name="render" visibility="public" complexity="1" crap="1" count="5"/>
      <line num="16" type="stmt" count="5"/>
      <metrics loc="19" ncloc="14" classes="1" methods="1" coveredmethods="1" conditionals="0" coveredconditionals="0" statements="1" coveredstatements="1" elements="2" coveredelements="2"/>
    </file>
    <file name="D:\Camilo\Programación\merca_todo\app\View\Components\GuestLayout.php">
      <class name="App\View\Components\GuestLayout" namespace="global">
        <metrics complexity="1" methods="1" coveredmethods="1" conditionals="0" coveredconditionals="0" statements="1" coveredstatements="1" elements="2" coveredelements="2"/>
      </class>
      <line num="14" type="method" name="render" visibility="public" complexity="1" crap="1" count="6"/>
      <line num="16" type="stmt" count="6"/>
      <metrics loc="19" ncloc="14" classes="1" methods="1" coveredmethods="1" conditionals="0" coveredconditionals="0" statements="1" coveredstatements="1" elements="2" coveredelements="2"/>
    </file>
    <metrics files="75" loc="2733" ncloc="2418" classes="62" methods="155" coveredmethods="50" conditionals="0" coveredconditionals="0" statements="450" coveredstatements="148" elements="605" coveredelements="198"/>
  </project>
</coverage>
